2025-08-19 08:04:26,856 INFO Added job "etl_datafacts" to job store "default"
2025-08-19 08:04:26,857 INFO Scheduler started
2025-08-19 08:08:35,496 INFO Added job "etl_datafacts" to job store "default"
2025-08-19 08:08:35,496 INFO Scheduler started
2025-08-19 08:10:53,822 INFO Added job "etl_datafacts" to job store "default"
2025-08-19 08:10:53,822 INFO Scheduler started
2025-08-19 08:11:03,833 INFO Running job "etl_datafacts (trigger: interval[0:00:10], next run at: 2025-08-19 08:11:03 EDT)" (scheduled at 2025-08-19 08:11:03.819582-04:00)
2025-08-19 08:11:03,834 INFO Fetching data from https:/catfact.ninja/fact?page=1
2025-08-19 08:11:05,838 INFO Fetching data from https:/catfact.ninja/fact?page=1
2025-08-19 08:11:07,839 INFO Fetching data from https:/catfact.ninja/fact?page=1
2025-08-19 08:11:07,840 WARNING No facts found.
2025-08-19 08:11:07,840 INFO Job "etl_datafacts (trigger: interval[0:00:10], next run at: 2025-08-19 08:11:13 EDT)" executed successfully
2025-08-19 08:11:13,825 INFO Running job "etl_datafacts (trigger: interval[0:00:10], next run at: 2025-08-19 08:11:23 EDT)" (scheduled at 2025-08-19 08:11:13.819582-04:00)
2025-08-19 08:11:13,826 INFO Fetching data from https:/catfact.ninja/fact?page=1
2025-08-19 08:11:15,827 INFO Fetching data from https:/catfact.ninja/fact?page=1
2025-08-19 08:11:17,828 INFO Fetching data from https:/catfact.ninja/fact?page=1
2025-08-19 08:11:17,829 WARNING No facts found.
2025-08-19 08:11:17,829 INFO Job "etl_datafacts (trigger: interval[0:00:10], next run at: 2025-08-19 08:11:23 EDT)" executed successfully
2025-08-19 08:11:23,820 INFO Running job "etl_datafacts (trigger: interval[0:00:10], next run at: 2025-08-19 08:11:33 EDT)" (scheduled at 2025-08-19 08:11:23.819582-04:00)
2025-08-19 08:11:23,820 INFO Fetching data from https:/catfact.ninja/fact?page=1
2025-08-19 08:11:25,821 INFO Fetching data from https:/catfact.ninja/fact?page=1
2025-08-19 08:11:27,822 INFO Fetching data from https:/catfact.ninja/fact?page=1
2025-08-19 08:11:27,823 WARNING No facts found.
2025-08-19 08:11:27,823 INFO Job "etl_datafacts (trigger: interval[0:00:10], next run at: 2025-08-19 08:11:33 EDT)" executed successfully
2025-08-19 08:11:33,827 INFO Running job "etl_datafacts (trigger: interval[0:00:10], next run at: 2025-08-19 08:11:43 EDT)" (scheduled at 2025-08-19 08:11:33.819582-04:00)
2025-08-19 08:11:33,827 INFO Fetching data from https:/catfact.ninja/fact?page=1
2025-08-19 08:11:35,829 INFO Fetching data from https:/catfact.ninja/fact?page=1
2025-08-19 08:11:37,830 INFO Fetching data from https:/catfact.ninja/fact?page=1
2025-08-19 08:11:37,830 WARNING No facts found.
2025-08-19 08:11:37,831 INFO Job "etl_datafacts (trigger: interval[0:00:10], next run at: 2025-08-19 08:11:43 EDT)" executed successfully
2025-08-19 08:11:43,824 INFO Running job "etl_datafacts (trigger: interval[0:00:10], next run at: 2025-08-19 08:11:53 EDT)" (scheduled at 2025-08-19 08:11:43.819582-04:00)
2025-08-19 08:11:43,824 INFO Fetching data from https:/catfact.ninja/fact?page=1
2025-08-19 08:11:45,825 INFO Fetching data from https:/catfact.ninja/fact?page=1
2025-08-19 08:11:47,827 INFO Fetching data from https:/catfact.ninja/fact?page=1
2025-08-19 08:11:47,827 WARNING No facts found.
2025-08-19 08:11:47,827 INFO Job "etl_datafacts (trigger: interval[0:00:10], next run at: 2025-08-19 08:11:53 EDT)" executed successfully
2025-08-19 08:11:53,829 INFO Running job "etl_datafacts (trigger: interval[0:00:10], next run at: 2025-08-19 08:12:03 EDT)" (scheduled at 2025-08-19 08:11:53.819582-04:00)
2025-08-19 08:11:53,829 INFO Fetching data from https:/catfact.ninja/fact?page=1
2025-08-19 08:11:55,830 INFO Fetching data from https:/catfact.ninja/fact?page=1
2025-08-19 08:11:57,832 INFO Fetching data from https:/catfact.ninja/fact?page=1
2025-08-19 08:11:57,832 WARNING No facts found.
2025-08-19 08:11:57,833 INFO Job "etl_datafacts (trigger: interval[0:00:10], next run at: 2025-08-19 08:12:03 EDT)" executed successfully
2025-08-19 08:12:03,834 INFO Running job "etl_datafacts (trigger: interval[0:00:10], next run at: 2025-08-19 08:12:13 EDT)" (scheduled at 2025-08-19 08:12:03.819582-04:00)
2025-08-19 08:12:03,834 INFO Fetching data from https:/catfact.ninja/fact?page=1
2025-08-19 08:12:05,835 INFO Fetching data from https:/catfact.ninja/fact?page=1
2025-08-19 08:12:07,836 INFO Fetching data from https:/catfact.ninja/fact?page=1
2025-08-19 08:12:07,837 WARNING No facts found.
2025-08-19 08:12:07,837 INFO Job "etl_datafacts (trigger: interval[0:00:10], next run at: 2025-08-19 08:12:13 EDT)" executed successfully
2025-08-19 08:12:13,826 INFO Running job "etl_datafacts (trigger: interval[0:00:10], next run at: 2025-08-19 08:12:23 EDT)" (scheduled at 2025-08-19 08:12:13.819582-04:00)
2025-08-19 08:12:13,826 INFO Fetching data from https:/catfact.ninja/fact?page=1
2025-08-19 08:12:15,827 INFO Fetching data from https:/catfact.ninja/fact?page=1
2025-08-19 08:12:17,828 INFO Fetching data from https:/catfact.ninja/fact?page=1
2025-08-19 08:12:17,829 WARNING No facts found.
2025-08-19 08:12:17,829 INFO Job "etl_datafacts (trigger: interval[0:00:10], next run at: 2025-08-19 08:12:23 EDT)" executed successfully
2025-08-19 08:12:23,827 INFO Running job "etl_datafacts (trigger: interval[0:00:10], next run at: 2025-08-19 08:12:33 EDT)" (scheduled at 2025-08-19 08:12:23.819582-04:00)
2025-08-19 08:12:23,827 INFO Fetching data from https:/catfact.ninja/fact?page=1
2025-08-19 08:12:25,828 INFO Fetching data from https:/catfact.ninja/fact?page=1
2025-08-19 08:12:27,830 INFO Fetching data from https:/catfact.ninja/fact?page=1
2025-08-19 08:12:27,830 WARNING No facts found.
2025-08-19 08:12:27,831 INFO Job "etl_datafacts (trigger: interval[0:00:10], next run at: 2025-08-19 08:12:33 EDT)" executed successfully
2025-08-19 08:12:33,835 INFO Running job "etl_datafacts (trigger: interval[0:00:10], next run at: 2025-08-19 08:12:43 EDT)" (scheduled at 2025-08-19 08:12:33.819582-04:00)
2025-08-19 08:12:33,836 INFO Fetching data from https:/catfact.ninja/fact?page=1
2025-08-19 08:12:35,837 INFO Fetching data from https:/catfact.ninja/fact?page=1
2025-08-19 08:12:37,838 INFO Fetching data from https:/catfact.ninja/fact?page=1
2025-08-19 08:12:37,839 WARNING No facts found.
2025-08-19 08:12:37,839 INFO Job "etl_datafacts (trigger: interval[0:00:10], next run at: 2025-08-19 08:12:43 EDT)" executed successfully
2025-08-19 08:12:43,820 INFO Running job "etl_datafacts (trigger: interval[0:00:10], next run at: 2025-08-19 08:12:53 EDT)" (scheduled at 2025-08-19 08:12:43.819582-04:00)
2025-08-19 08:12:43,821 INFO Fetching data from https:/catfact.ninja/fact?page=1
2025-08-19 08:12:45,822 INFO Fetching data from https:/catfact.ninja/fact?page=1
2025-08-19 08:12:47,823 INFO Fetching data from https:/catfact.ninja/fact?page=1
2025-08-19 08:12:47,824 WARNING No facts found.
2025-08-19 08:12:47,824 INFO Job "etl_datafacts (trigger: interval[0:00:10], next run at: 2025-08-19 08:12:53 EDT)" executed successfully
2025-08-19 08:12:53,830 INFO Running job "etl_datafacts (trigger: interval[0:00:10], next run at: 2025-08-19 08:13:03 EDT)" (scheduled at 2025-08-19 08:12:53.819582-04:00)
2025-08-19 08:12:53,831 INFO Fetching data from https:/catfact.ninja/fact?page=1
2025-08-19 08:12:55,832 INFO Fetching data from https:/catfact.ninja/fact?page=1
2025-08-19 08:12:57,833 INFO Fetching data from https:/catfact.ninja/fact?page=1
2025-08-19 08:12:57,833 WARNING No facts found.
2025-08-19 08:12:57,834 INFO Job "etl_datafacts (trigger: interval[0:00:10], next run at: 2025-08-19 08:13:03 EDT)" executed successfully
2025-08-19 08:13:03,825 INFO Running job "etl_datafacts (trigger: interval[0:00:10], next run at: 2025-08-19 08:13:13 EDT)" (scheduled at 2025-08-19 08:13:03.819582-04:00)
2025-08-19 08:13:03,826 INFO Fetching data from https:/catfact.ninja/fact?page=1
2025-08-19 08:13:05,827 INFO Fetching data from https:/catfact.ninja/fact?page=1
2025-08-19 08:13:07,828 INFO Fetching data from https:/catfact.ninja/fact?page=1
2025-08-19 08:13:07,828 WARNING No facts found.
2025-08-19 08:13:07,829 INFO Job "etl_datafacts (trigger: interval[0:00:10], next run at: 2025-08-19 08:13:13 EDT)" executed successfully
2025-08-19 08:13:13,823 INFO Running job "etl_datafacts (trigger: interval[0:00:10], next run at: 2025-08-19 08:13:23 EDT)" (scheduled at 2025-08-19 08:13:13.819582-04:00)
2025-08-19 08:13:13,824 INFO Fetching data from https:/catfact.ninja/fact?page=1
2025-08-19 08:13:15,825 INFO Fetching data from https:/catfact.ninja/fact?page=1
2025-08-19 08:13:17,826 INFO Fetching data from https:/catfact.ninja/fact?page=1
2025-08-19 08:13:17,827 WARNING No facts found.
2025-08-19 08:13:17,827 INFO Job "etl_datafacts (trigger: interval[0:00:10], next run at: 2025-08-19 08:13:23 EDT)" executed successfully
2025-08-19 08:13:23,828 INFO Running job "etl_datafacts (trigger: interval[0:00:10], next run at: 2025-08-19 08:13:33 EDT)" (scheduled at 2025-08-19 08:13:23.819582-04:00)
2025-08-19 08:13:23,828 INFO Fetching data from https:/catfact.ninja/fact?page=1
2025-08-19 08:13:25,829 INFO Fetching data from https:/catfact.ninja/fact?page=1
2025-08-19 08:13:27,830 INFO Fetching data from https:/catfact.ninja/fact?page=1
2025-08-19 08:13:27,831 WARNING No facts found.
2025-08-19 08:13:27,831 INFO Job "etl_datafacts (trigger: interval[0:00:10], next run at: 2025-08-19 08:13:33 EDT)" executed successfully
2025-08-19 08:13:33,833 INFO Running job "etl_datafacts (trigger: interval[0:00:10], next run at: 2025-08-19 08:13:43 EDT)" (scheduled at 2025-08-19 08:13:33.819582-04:00)
2025-08-19 08:13:33,833 INFO Fetching data from https:/catfact.ninja/fact?page=1
2025-08-19 08:13:35,834 INFO Fetching data from https:/catfact.ninja/fact?page=1
2025-08-19 08:13:37,835 INFO Fetching data from https:/catfact.ninja/fact?page=1
2025-08-19 08:13:37,836 WARNING No facts found.
2025-08-19 08:13:37,836 INFO Job "etl_datafacts (trigger: interval[0:00:10], next run at: 2025-08-19 08:13:43 EDT)" executed successfully
2025-08-19 08:13:43,834 INFO Running job "etl_datafacts (trigger: interval[0:00:10], next run at: 2025-08-19 08:13:53 EDT)" (scheduled at 2025-08-19 08:13:43.819582-04:00)
2025-08-19 08:13:43,834 INFO Fetching data from https:/catfact.ninja/fact?page=1
2025-08-19 08:13:45,835 INFO Fetching data from https:/catfact.ninja/fact?page=1
2025-08-19 08:13:47,836 INFO Fetching data from https:/catfact.ninja/fact?page=1
2025-08-19 08:13:47,837 WARNING No facts found.
2025-08-19 08:13:47,837 INFO Job "etl_datafacts (trigger: interval[0:00:10], next run at: 2025-08-19 08:13:53 EDT)" executed successfully
